INFO 2025-05-02 18:43:46,629 adapters Populated new user data for: naman.marria@themindshare.in
INFO 2025-05-02 18:43:46,642 adapters Existing user found: naman.marria@themindshare.in
INFO 2025-05-02 18:43:46,646 adapters Updated user data for: naman.marria@themindshare.in
INFO 2025-05-02 18:45:01,593 adapters Populated new user data for: naman.marria@themindshare.in
INFO 2025-05-02 18:45:01,605 adapters Existing user found: naman.marria@themindshare.in
INFO 2025-05-02 18:45:01,611 adapters Updated user data for: naman.marria@themindshare.in
INFO 2025-05-02 18:45:17,072 adapters Populated new user data for: naman.marria@themindshare.in
INFO 2025-05-02 18:45:17,085 adapters Existing user found: naman.marria@themindshare.in
INFO 2025-05-02 18:45:17,089 adapters Updated user data for: naman.marria@themindshare.in
INFO 2025-05-02 18:57:40,326 adapters Populated new user data for: naman.marria@themindshare.in
INFO 2025-05-02 18:57:40,339 adapters Existing user found: naman.marria@themindshare.in
INFO 2025-05-02 18:57:40,343 adapters Updated last_login for user: naman.marria@themindshare.in
INFO 2025-05-02 18:59:29,829 adapters Populated new user data for: naman.marria@themindshare.in
INFO 2025-05-02 18:59:32,827 adapters Existing user found: naman.marria@themindshare.in
INFO 2025-05-02 18:59:32,830 adapters Updated last_login for user: naman.marria@themindshare.in at 2025-05-02 18:59:32 IST
INFO 2025-05-02 19:01:00,939 adapters Populated new user data for: naman.marria@themindshare.in
INFO 2025-05-02 19:01:00,951 adapters Existing user found: naman.marria@themindshare.in
INFO 2025-05-02 19:01:01,095 adapters Updated last_login for user: naman.marria@themindshare.in at 2025-05-02 19:01:01 IST
INFO 2025-05-02 19:06:31,609 adapters Populated new user data for: naman.marria@themindshare.in
INFO 2025-05-02 19:06:31,620 adapters Existing user found: naman.marria@themindshare.in
INFO 2025-05-02 19:06:31,685 adapters Updated last_login for user: naman.marria@themindshare.in at 2025-05-02 19:06:31 IST
INFO 2025-05-02 19:07:44,689 adapters Populated new user data for: naman.marria@themindshare.in
INFO 2025-05-02 19:07:44,702 adapters Existing user found: naman.marria@themindshare.in
INFO 2025-05-02 19:07:44,781 adapters Updated last_login for user: naman.marria@themindshare.in at 2025-05-02 19:07:44 IST
INFO 2025-05-02 19:08:19,371 adapters Populated new user data for: naman.marria@themindshare.in
INFO 2025-05-02 19:08:19,384 adapters Existing user found: naman.marria@themindshare.in
INFO 2025-05-02 19:08:19,388 adapters Updated last_login for user: naman.marria@themindshare.in at 2025-05-02 19:08:19 IST
INFO 2025-05-03 11:39:45,381 adapters Populated new user data for: naman.marria@themindshare.in
INFO 2025-05-03 11:39:45,394 adapters Existing user found: naman.marria@themindshare.in
INFO 2025-05-03 11:39:45,397 adapters Updated last_login for user: naman.marria@themindshare.in at 2025-05-03 11:39:45 IST
INFO 2025-05-03 11:49:51,133 adapters Populated new user data for: naman.marria@themindshare.in
INFO 2025-05-03 11:49:51,147 adapters Existing user found: naman.marria@themindshare.in
INFO 2025-05-03 11:49:54,350 adapters Updated last_login for user: naman.marria@themindshare.in at 2025-05-03 11:49:54 IST
INFO 2025-05-03 11:50:33,504 adapters Populated new user data for: naman.marria@themindshare.in
INFO 2025-05-03 11:50:33,521 adapters Existing user found: naman.marria@themindshare.in
INFO 2025-05-03 11:50:33,702 adapters Updated last_login for user: naman.marria@themindshare.in at 2025-05-03 11:50:33 IST
INFO 2025-05-05 13:31:40,664 adapters Populated new user data for: naman.marria@themindshare.in
INFO 2025-05-05 13:31:40,738 adapters Existing user found: naman.marria@themindshare.in
INFO 2025-05-05 13:31:41,052 adapters Time saved in MySQL: 2025-05-05 08:01:41.047565
INFO 2025-05-05 13:31:41,053 adapters Updated last_login for user: naman.marria@themindshare.in at 2025-05-05 13:31:41 IST
INFO 2025-05-05 13:34:28,589 adapters Populated new user data for: naman.marria@themindshare.in
INFO 2025-05-05 13:34:28,604 adapters Existing user found: naman.marria@themindshare.in
INFO 2025-05-05 13:34:28,734 adapters Time saved in MySQL: 2025-05-05 08:04:28.730261
INFO 2025-05-05 13:34:28,735 adapters Updated last_login for user: naman.marria@themindshare.in at 2025-05-05 13:34:28 IST
INFO 2025-05-05 13:36:25,331 adapters Populated new user data for: naman.marria@themindshare.in
INFO 2025-05-05 13:36:25,344 adapters Existing user found: naman.marria@themindshare.in
INFO 2025-05-05 13:36:25,486 adapters Time saved in MySQL: 2025-05-05 08:06:25.479531
INFO 2025-05-05 13:36:25,486 adapters Updated last_login for user: naman.marria@themindshare.in at 2025-05-05 13:36:25 IST
INFO 2025-05-06 17:30:45,486 adapters Populated new user data for: naman.marria@themindshare.in
INFO 2025-05-06 17:30:45,522 adapters Existing user found: naman.marria@themindshare.in
INFO 2025-05-06 17:30:45,702 adapters Time saved in MySQL: 2025-05-06 12:00:45.697241
INFO 2025-05-06 17:30:45,702 adapters Updated last_login for user: naman.marria@themindshare.in at 2025-05-06 17:30:45 IST
INFO 2025-05-07 15:35:31,501 adapters Populated new user data for: naman.marria@themindshare.in
INFO 2025-05-07 15:35:31,522 adapters Existing user found: naman.marria@themindshare.in
INFO 2025-05-07 15:35:35,925 adapters Time saved in MySQL: 2025-05-07 10:05:35.919333
INFO 2025-05-07 15:35:35,926 adapters Updated last_login for user: naman.marria@themindshare.in at 2025-05-07 15:35:35 IST
INFO 2025-05-07 16:27:08,183 adapters Populated new user data for: naman.marria@themindshare.in
INFO 2025-05-07 16:27:08,204 adapters Existing user found: naman.marria@themindshare.in
INFO 2025-05-07 16:27:08,354 adapters Time saved in MySQL: 2025-05-07 10:57:08.347619
INFO 2025-05-07 16:27:08,354 adapters Updated last_login for user: naman.marria@themindshare.in at 2025-05-07 16:27:08 IST
INFO 2025-05-08 12:03:11,720 adapters Populated new user data for: naman.marria@themindshare.in
INFO 2025-05-08 12:03:11,759 adapters Existing user found: naman.marria@themindshare.in
INFO 2025-05-08 12:03:17,873 adapters Time saved in MySQL: 2025-05-08 06:33:17.868507
INFO 2025-05-08 12:03:17,874 adapters Updated last_login for user: naman.marria@themindshare.in at 2025-05-08 12:03:17 IST
INFO 2025-05-08 15:15:19,866 adapters Populated new user data for: naman.marria@themindshare.in
INFO 2025-05-08 15:15:19,882 adapters Existing user found: naman.marria@themindshare.in
INFO 2025-05-08 15:15:19,888 adapters Time saved in MySQL: 2025-05-08 09:45:19.883529
INFO 2025-05-08 15:15:19,888 adapters Updated last_login for user: naman.marria@themindshare.in at 2025-05-08 15:15:19 IST
INFO 2025-05-08 15:54:08,717 adapters Populated new user data for: naman.marria@themindshare.in
INFO 2025-05-08 15:54:08,746 adapters Existing user found: naman.marria@themindshare.in
INFO 2025-05-08 15:54:10,924 adapters Time saved in MySQL: 2025-05-08 10:24:10.919662
INFO 2025-05-08 15:54:10,924 adapters Updated last_login for user: naman.marria@themindshare.in at 2025-05-08 15:54:10 IST
